c:\users\simon\downloads\160919_freertos_labs\160919_freertos_labs\freertos-plus\demo\freertos_plus_tcp_and_fat_windows_simulator\debug\win32.bsc
c:\users\simon\downloads\160919_freertos_labs\160919_freertos_labs\freertos-plus\demo\freertos_plus_tcp_and_fat_windows_simulator\debug\vc140.pdb
c:\users\simon\downloads\160919_freertos_labs\160919_freertos_labs\freertos-plus\demo\freertos_plus_tcp_and_fat_windows_simulator\debug\vc140.idb
c:\users\simon\downloads\160919_freertos_labs\160919_freertos_labs\freertos-plus\demo\freertos_plus_tcp_and_fat_windows_simulator\debug\demoiptrace.sbr
c:\users\simon\downloads\160919_freertos_labs\160919_freertos_labs\freertos-plus\demo\freertos_plus_tcp_and_fat_windows_simulator\debug\run-time-stats-utils.sbr
c:\users\simon\downloads\160919_freertos_labs\160919_freertos_labs\freertos-plus\demo\freertos_plus_tcp_and_fat_windows_simulator\debug\main.sbr
c:\users\simon\downloads\160919_freertos_labs\160919_freertos_labs\freertos-plus\demo\freertos_plus_tcp_and_fat_windows_simulator\debug\demo_logging.sbr
c:\users\simon\downloads\160919_freertos_labs\160919_freertos_labs\freertos-plus\demo\freertos_plus_tcp_and_fat_windows_simulator\debug\simpletcpechoserver.sbr
c:\users\simon\downloads\160919_freertos_labs\160919_freertos_labs\freertos-plus\demo\freertos_plus_tcp_and_fat_windows_simulator\debug\simpleudpclientandserver.sbr
c:\users\simon\downloads\160919_freertos_labs\160919_freertos_labs\freertos-plus\demo\freertos_plus_tcp_and_fat_windows_simulator\debug\udpselectserver.sbr
c:\users\simon\downloads\160919_freertos_labs\160919_freertos_labs\freertos-plus\demo\freertos_plus_tcp_and_fat_windows_simulator\debug\twoudpechoclients.sbr
c:\users\simon\downloads\160919_freertos_labs\160919_freertos_labs\freertos-plus\demo\freertos_plus_tcp_and_fat_windows_simulator\debug\tcpechoclient_singletasks.sbr
c:\users\simon\downloads\160919_freertos_labs\160919_freertos_labs\freertos-plus\demo\freertos_plus_tcp_and_fat_windows_simulator\debug\tcpechoclient_separatetasks.sbr
c:\users\simon\downloads\160919_freertos_labs\160919_freertos_labs\freertos-plus\demo\freertos_plus_tcp_and_fat_windows_simulator\debug\cli-commands.sbr
c:\users\simon\downloads\160919_freertos_labs\160919_freertos_labs\freertos-plus\demo\freertos_plus_tcp_and_fat_windows_simulator\debug\tftpserver.sbr
c:\users\simon\downloads\160919_freertos_labs\160919_freertos_labs\freertos-plus\demo\freertos_plus_tcp_and_fat_windows_simulator\debug\ff_stdio_tests_with_cwd.sbr
c:\users\simon\downloads\160919_freertos_labs\160919_freertos_labs\freertos-plus\demo\freertos_plus_tcp_and_fat_windows_simulator\debug\createandverifyexamplefiles.sbr
c:\users\simon\downloads\160919_freertos_labs\160919_freertos_labs\freertos-plus\demo\freertos_plus_tcp_and_fat_windows_simulator\debug\udpcommandconsole.sbr
c:\users\simon\downloads\160919_freertos_labs\160919_freertos_labs\freertos-plus\demo\freertos_plus_tcp_and_fat_windows_simulator\debug\tcpcommandconsole.sbr
c:\users\simon\downloads\160919_freertos_labs\160919_freertos_labs\freertos-plus\demo\freertos_plus_tcp_and_fat_windows_simulator\debug\file-related-cli-commands.sbr
c:\users\simon\downloads\160919_freertos_labs\160919_freertos_labs\freertos-plus\demo\freertos_plus_tcp_and_fat_windows_simulator\debug\freertos_http_server.sbr
c:\users\simon\downloads\160919_freertos_labs\160919_freertos_labs\freertos-plus\demo\freertos_plus_tcp_and_fat_windows_simulator\debug\freertos_http_commands.sbr
c:\users\simon\downloads\160919_freertos_labs\160919_freertos_labs\freertos-plus\demo\freertos_plus_tcp_and_fat_windows_simulator\debug\freertos_ftp_server.sbr
c:\users\simon\downloads\160919_freertos_labs\160919_freertos_labs\freertos-plus\demo\freertos_plus_tcp_and_fat_windows_simulator\debug\freertos_ftp_server.obj
c:\users\simon\downloads\160919_freertos_labs\160919_freertos_labs\freertos-plus\demo\freertos_plus_tcp_and_fat_windows_simulator\debug\freertos_http_commands.obj
c:\users\simon\downloads\160919_freertos_labs\160919_freertos_labs\freertos-plus\demo\freertos_plus_tcp_and_fat_windows_simulator\debug\freertos_http_server.obj
c:\users\simon\downloads\160919_freertos_labs\160919_freertos_labs\freertos-plus\demo\freertos_plus_tcp_and_fat_windows_simulator\debug\file-related-cli-commands.obj
c:\users\simon\downloads\160919_freertos_labs\160919_freertos_labs\freertos-plus\demo\freertos_plus_tcp_and_fat_windows_simulator\debug\tcpcommandconsole.obj
c:\users\simon\downloads\160919_freertos_labs\160919_freertos_labs\freertos-plus\demo\freertos_plus_tcp_and_fat_windows_simulator\debug\udpcommandconsole.obj
c:\users\simon\downloads\160919_freertos_labs\160919_freertos_labs\freertos-plus\demo\freertos_plus_tcp_and_fat_windows_simulator\debug\createandverifyexamplefiles.obj
c:\users\simon\downloads\160919_freertos_labs\160919_freertos_labs\freertos-plus\demo\freertos_plus_tcp_and_fat_windows_simulator\debug\ff_stdio_tests_with_cwd.obj
c:\users\simon\downloads\160919_freertos_labs\160919_freertos_labs\freertos-plus\demo\freertos_plus_tcp_and_fat_windows_simulator\debug\tftpserver.obj
c:\users\simon\downloads\160919_freertos_labs\160919_freertos_labs\freertos-plus\demo\freertos_plus_tcp_and_fat_windows_simulator\debug\cli-commands.obj
c:\users\simon\downloads\160919_freertos_labs\160919_freertos_labs\freertos-plus\demo\freertos_plus_tcp_and_fat_windows_simulator\debug\tcpechoclient_separatetasks.obj
c:\users\simon\downloads\160919_freertos_labs\160919_freertos_labs\freertos-plus\demo\freertos_plus_tcp_and_fat_windows_simulator\debug\tcpechoclient_singletasks.obj
c:\users\simon\downloads\160919_freertos_labs\160919_freertos_labs\freertos-plus\demo\freertos_plus_tcp_and_fat_windows_simulator\debug\twoudpechoclients.obj
c:\users\simon\downloads\160919_freertos_labs\160919_freertos_labs\freertos-plus\demo\freertos_plus_tcp_and_fat_windows_simulator\debug\udpselectserver.obj
c:\users\simon\downloads\160919_freertos_labs\160919_freertos_labs\freertos-plus\demo\freertos_plus_tcp_and_fat_windows_simulator\debug\simpleudpclientandserver.obj
c:\users\simon\downloads\160919_freertos_labs\160919_freertos_labs\freertos-plus\demo\freertos_plus_tcp_and_fat_windows_simulator\debug\simpletcpechoserver.obj
c:\users\simon\downloads\160919_freertos_labs\160919_freertos_labs\freertos-plus\demo\freertos_plus_tcp_and_fat_windows_simulator\debug\demo_logging.obj
c:\users\simon\downloads\160919_freertos_labs\160919_freertos_labs\freertos-plus\demo\freertos_plus_tcp_and_fat_windows_simulator\debug\main.obj
c:\users\simon\downloads\160919_freertos_labs\160919_freertos_labs\freertos-plus\demo\freertos_plus_tcp_and_fat_windows_simulator\debug\run-time-stats-utils.obj
c:\users\simon\downloads\160919_freertos_labs\160919_freertos_labs\freertos-plus\demo\freertos_plus_tcp_and_fat_windows_simulator\debug\demoiptrace.obj
c:\users\simon\downloads\160919_freertos_labs\160919_freertos_labs\freertos-plus\demo\freertos_plus_tcp_and_fat_windows_simulator\debug\freertos_ftp_commands.sbr
c:\users\simon\downloads\160919_freertos_labs\160919_freertos_labs\freertos-plus\demo\freertos_plus_tcp_and_fat_windows_simulator\debug\freertos_tcp_server.sbr
c:\users\simon\downloads\160919_freertos_labs\160919_freertos_labs\freertos-plus\demo\freertos_plus_tcp_and_fat_windows_simulator\debug\networkinterface.sbr
c:\users\simon\downloads\160919_freertos_labs\160919_freertos_labs\freertos-plus\demo\freertos_plus_tcp_and_fat_windows_simulator\debug\bufferallocation_2.sbr
c:\users\simon\downloads\160919_freertos_labs\160919_freertos_labs\freertos-plus\demo\freertos_plus_tcp_and_fat_windows_simulator\debug\freertos_udp_ip.sbr
c:\users\simon\downloads\160919_freertos_labs\160919_freertos_labs\freertos-plus\demo\freertos_plus_tcp_and_fat_windows_simulator\debug\freertos_tcp_win.sbr
c:\users\simon\downloads\160919_freertos_labs\160919_freertos_labs\freertos-plus\demo\freertos_plus_tcp_and_fat_windows_simulator\debug\freertos_tcp_ip.sbr
c:\users\simon\downloads\160919_freertos_labs\160919_freertos_labs\freertos-plus\demo\freertos_plus_tcp_and_fat_windows_simulator\debug\freertos_stream_buffer.sbr
c:\users\simon\downloads\160919_freertos_labs\160919_freertos_labs\freertos-plus\demo\freertos_plus_tcp_and_fat_windows_simulator\debug\freertos_sockets.sbr
c:\users\simon\downloads\160919_freertos_labs\160919_freertos_labs\freertos-plus\demo\freertos_plus_tcp_and_fat_windows_simulator\debug\freertos_ip.sbr
c:\users\simon\downloads\160919_freertos_labs\160919_freertos_labs\freertos-plus\demo\freertos_plus_tcp_and_fat_windows_simulator\debug\freertos_dns.sbr
c:\users\simon\downloads\160919_freertos_labs\160919_freertos_labs\freertos-plus\demo\freertos_plus_tcp_and_fat_windows_simulator\debug\freertos_dhcp.sbr
c:\users\simon\downloads\160919_freertos_labs\160919_freertos_labs\freertos-plus\demo\freertos_plus_tcp_and_fat_windows_simulator\debug\freertos_arp.sbr
c:\users\simon\downloads\160919_freertos_labs\160919_freertos_labs\freertos-plus\demo\freertos_plus_tcp_and_fat_windows_simulator\debug\ff_ramdisk.sbr
c:\users\simon\downloads\160919_freertos_labs\160919_freertos_labs\freertos-plus\demo\freertos_plus_tcp_and_fat_windows_simulator\debug\ff_time.sbr
c:\users\simon\downloads\160919_freertos_labs\160919_freertos_labs\freertos-plus\demo\freertos_plus_tcp_and_fat_windows_simulator\debug\ff_sys.sbr
c:\users\simon\downloads\160919_freertos_labs\160919_freertos_labs\freertos-plus\demo\freertos_plus_tcp_and_fat_windows_simulator\debug\ff_string.sbr
c:\users\simon\downloads\160919_freertos_labs\160919_freertos_labs\freertos-plus\demo\freertos_plus_tcp_and_fat_windows_simulator\debug\ff_stdio.sbr
c:\users\simon\downloads\160919_freertos_labs\160919_freertos_labs\freertos-plus\demo\freertos_plus_tcp_and_fat_windows_simulator\debug\ff_memory.sbr
c:\users\simon\downloads\160919_freertos_labs\160919_freertos_labs\freertos-plus\demo\freertos_plus_tcp_and_fat_windows_simulator\debug\ff_locking.sbr
c:\users\simon\downloads\160919_freertos_labs\160919_freertos_labs\freertos-plus\demo\freertos_plus_tcp_and_fat_windows_simulator\debug\ff_locking.obj
c:\users\simon\downloads\160919_freertos_labs\160919_freertos_labs\freertos-plus\demo\freertos_plus_tcp_and_fat_windows_simulator\debug\ff_memory.obj
c:\users\simon\downloads\160919_freertos_labs\160919_freertos_labs\freertos-plus\demo\freertos_plus_tcp_and_fat_windows_simulator\debug\ff_stdio.obj
c:\users\simon\downloads\160919_freertos_labs\160919_freertos_labs\freertos-plus\demo\freertos_plus_tcp_and_fat_windows_simulator\debug\ff_string.obj
c:\users\simon\downloads\160919_freertos_labs\160919_freertos_labs\freertos-plus\demo\freertos_plus_tcp_and_fat_windows_simulator\debug\ff_sys.obj
c:\users\simon\downloads\160919_freertos_labs\160919_freertos_labs\freertos-plus\demo\freertos_plus_tcp_and_fat_windows_simulator\debug\ff_time.obj
c:\users\simon\downloads\160919_freertos_labs\160919_freertos_labs\freertos-plus\demo\freertos_plus_tcp_and_fat_windows_simulator\debug\ff_ramdisk.obj
c:\users\simon\downloads\160919_freertos_labs\160919_freertos_labs\freertos-plus\demo\freertos_plus_tcp_and_fat_windows_simulator\debug\freertos_arp.obj
c:\users\simon\downloads\160919_freertos_labs\160919_freertos_labs\freertos-plus\demo\freertos_plus_tcp_and_fat_windows_simulator\debug\freertos_dhcp.obj
c:\users\simon\downloads\160919_freertos_labs\160919_freertos_labs\freertos-plus\demo\freertos_plus_tcp_and_fat_windows_simulator\debug\freertos_dns.obj
c:\users\simon\downloads\160919_freertos_labs\160919_freertos_labs\freertos-plus\demo\freertos_plus_tcp_and_fat_windows_simulator\debug\freertos_ip.obj
c:\users\simon\downloads\160919_freertos_labs\160919_freertos_labs\freertos-plus\demo\freertos_plus_tcp_and_fat_windows_simulator\debug\freertos_sockets.obj
c:\users\simon\downloads\160919_freertos_labs\160919_freertos_labs\freertos-plus\demo\freertos_plus_tcp_and_fat_windows_simulator\debug\freertos_stream_buffer.obj
c:\users\simon\downloads\160919_freertos_labs\160919_freertos_labs\freertos-plus\demo\freertos_plus_tcp_and_fat_windows_simulator\debug\freertos_tcp_ip.obj
c:\users\simon\downloads\160919_freertos_labs\160919_freertos_labs\freertos-plus\demo\freertos_plus_tcp_and_fat_windows_simulator\debug\freertos_tcp_win.obj
c:\users\simon\downloads\160919_freertos_labs\160919_freertos_labs\freertos-plus\demo\freertos_plus_tcp_and_fat_windows_simulator\debug\freertos_udp_ip.obj
c:\users\simon\downloads\160919_freertos_labs\160919_freertos_labs\freertos-plus\demo\freertos_plus_tcp_and_fat_windows_simulator\debug\bufferallocation_2.obj
c:\users\simon\downloads\160919_freertos_labs\160919_freertos_labs\freertos-plus\demo\freertos_plus_tcp_and_fat_windows_simulator\debug\networkinterface.obj
c:\users\simon\downloads\160919_freertos_labs\160919_freertos_labs\freertos-plus\demo\freertos_plus_tcp_and_fat_windows_simulator\debug\freertos_tcp_server.obj
c:\users\simon\downloads\160919_freertos_labs\160919_freertos_labs\freertos-plus\demo\freertos_plus_tcp_and_fat_windows_simulator\debug\freertos_ftp_commands.obj
c:\users\simon\downloads\160919_freertos_labs\160919_freertos_labs\freertos-plus\demo\freertos_plus_tcp_and_fat_windows_simulator\debug\ff_ioman.sbr
c:\users\simon\downloads\160919_freertos_labs\160919_freertos_labs\freertos-plus\demo\freertos_plus_tcp_and_fat_windows_simulator\debug\ff_format.sbr
c:\users\simon\downloads\160919_freertos_labs\160919_freertos_labs\freertos-plus\demo\freertos_plus_tcp_and_fat_windows_simulator\debug\ff_file.sbr
c:\users\simon\downloads\160919_freertos_labs\160919_freertos_labs\freertos-plus\demo\freertos_plus_tcp_and_fat_windows_simulator\debug\ff_fat.sbr
c:\users\simon\downloads\160919_freertos_labs\160919_freertos_labs\freertos-plus\demo\freertos_plus_tcp_and_fat_windows_simulator\debug\ff_error.sbr
c:\users\simon\downloads\160919_freertos_labs\160919_freertos_labs\freertos-plus\demo\freertos_plus_tcp_and_fat_windows_simulator\debug\ff_dir.sbr
c:\users\simon\downloads\160919_freertos_labs\160919_freertos_labs\freertos-plus\demo\freertos_plus_tcp_and_fat_windows_simulator\debug\ff_crc.sbr
c:\users\simon\downloads\160919_freertos_labs\160919_freertos_labs\freertos-plus\demo\freertos_plus_tcp_and_fat_windows_simulator\debug\freertos_cli.sbr
c:\users\simon\downloads\160919_freertos_labs\160919_freertos_labs\freertos-plus\demo\freertos_plus_tcp_and_fat_windows_simulator\debug\timers.sbr
c:\users\simon\downloads\160919_freertos_labs\160919_freertos_labs\freertos-plus\demo\freertos_plus_tcp_and_fat_windows_simulator\debug\tasks.sbr
c:\users\simon\downloads\160919_freertos_labs\160919_freertos_labs\freertos-plus\demo\freertos_plus_tcp_and_fat_windows_simulator\debug\queue.sbr
c:\users\simon\downloads\160919_freertos_labs\160919_freertos_labs\freertos-plus\demo\freertos_plus_tcp_and_fat_windows_simulator\debug\port.sbr
c:\users\simon\downloads\160919_freertos_labs\160919_freertos_labs\freertos-plus\demo\freertos_plus_tcp_and_fat_windows_simulator\debug\heap_4.sbr
c:\users\simon\downloads\160919_freertos_labs\160919_freertos_labs\freertos-plus\demo\freertos_plus_tcp_and_fat_windows_simulator\debug\list.sbr
c:\users\simon\downloads\160919_freertos_labs\160919_freertos_labs\freertos-plus\demo\freertos_plus_tcp_and_fat_windows_simulator\debug\event_groups.sbr
c:\users\simon\downloads\160919_freertos_labs\160919_freertos_labs\freertos-plus\demo\freertos_plus_tcp_and_fat_windows_simulator\debug\event_groups.obj
c:\users\simon\downloads\160919_freertos_labs\160919_freertos_labs\freertos-plus\demo\freertos_plus_tcp_and_fat_windows_simulator\debug\list.obj
c:\users\simon\downloads\160919_freertos_labs\160919_freertos_labs\freertos-plus\demo\freertos_plus_tcp_and_fat_windows_simulator\debug\heap_4.obj
c:\users\simon\downloads\160919_freertos_labs\160919_freertos_labs\freertos-plus\demo\freertos_plus_tcp_and_fat_windows_simulator\debug\port.obj
c:\users\simon\downloads\160919_freertos_labs\160919_freertos_labs\freertos-plus\demo\freertos_plus_tcp_and_fat_windows_simulator\debug\queue.obj
c:\users\simon\downloads\160919_freertos_labs\160919_freertos_labs\freertos-plus\demo\freertos_plus_tcp_and_fat_windows_simulator\debug\tasks.obj
c:\users\simon\downloads\160919_freertos_labs\160919_freertos_labs\freertos-plus\demo\freertos_plus_tcp_and_fat_windows_simulator\debug\timers.obj
c:\users\simon\downloads\160919_freertos_labs\160919_freertos_labs\freertos-plus\demo\freertos_plus_tcp_and_fat_windows_simulator\debug\freertos_cli.obj
c:\users\simon\downloads\160919_freertos_labs\160919_freertos_labs\freertos-plus\demo\freertos_plus_tcp_and_fat_windows_simulator\debug\ff_crc.obj
c:\users\simon\downloads\160919_freertos_labs\160919_freertos_labs\freertos-plus\demo\freertos_plus_tcp_and_fat_windows_simulator\debug\ff_dir.obj
c:\users\simon\downloads\160919_freertos_labs\160919_freertos_labs\freertos-plus\demo\freertos_plus_tcp_and_fat_windows_simulator\debug\ff_error.obj
c:\users\simon\downloads\160919_freertos_labs\160919_freertos_labs\freertos-plus\demo\freertos_plus_tcp_and_fat_windows_simulator\debug\ff_fat.obj
c:\users\simon\downloads\160919_freertos_labs\160919_freertos_labs\freertos-plus\demo\freertos_plus_tcp_and_fat_windows_simulator\debug\ff_file.obj
c:\users\simon\downloads\160919_freertos_labs\160919_freertos_labs\freertos-plus\demo\freertos_plus_tcp_and_fat_windows_simulator\debug\ff_format.obj
c:\users\simon\downloads\160919_freertos_labs\160919_freertos_labs\freertos-plus\demo\freertos_plus_tcp_and_fat_windows_simulator\debug\ff_ioman.obj
c:\users\simon\downloads\160919_freertos_labs\160919_freertos_labs\freertos-plus\demo\freertos_plus_tcp_and_fat_windows_simulator\debug\rtosdemo.ilk
c:\users\simon\downloads\160919_freertos_labs\160919_freertos_labs\freertos-plus\demo\freertos_plus_tcp_and_fat_windows_simulator\debug\rtosdemo.exe
c:\users\simon\downloads\160919_freertos_labs\160919_freertos_labs\freertos-plus\demo\freertos_plus_tcp_and_fat_windows_simulator\debug\win32.pdb
c:\users\simon\downloads\160919_freertos_labs\160919_freertos_labs\freertos-plus\demo\freertos_plus_tcp_and_fat_windows_simulator\.\debug\rtosdemo.exe
c:\users\simon\downloads\160919_freertos_labs\160919_freertos_labs\freertos-plus\demo\freertos_plus_tcp_and_fat_windows_simulator\debug\rtosdemo.tlog\bscmake.command.1.tlog
c:\users\simon\downloads\160919_freertos_labs\160919_freertos_labs\freertos-plus\demo\freertos_plus_tcp_and_fat_windows_simulator\debug\rtosdemo.tlog\bscmake.read.1.tlog
c:\users\simon\downloads\160919_freertos_labs\160919_freertos_labs\freertos-plus\demo\freertos_plus_tcp_and_fat_windows_simulator\debug\rtosdemo.tlog\bscmake.write.1.tlog
c:\users\simon\downloads\160919_freertos_labs\160919_freertos_labs\freertos-plus\demo\freertos_plus_tcp_and_fat_windows_simulator\debug\rtosdemo.tlog\cl.command.1.tlog
c:\users\simon\downloads\160919_freertos_labs\160919_freertos_labs\freertos-plus\demo\freertos_plus_tcp_and_fat_windows_simulator\debug\rtosdemo.tlog\cl.read.1.tlog
c:\users\simon\downloads\160919_freertos_labs\160919_freertos_labs\freertos-plus\demo\freertos_plus_tcp_and_fat_windows_simulator\debug\rtosdemo.tlog\cl.write.1.tlog
c:\users\simon\downloads\160919_freertos_labs\160919_freertos_labs\freertos-plus\demo\freertos_plus_tcp_and_fat_windows_simulator\debug\rtosdemo.tlog\link.command.1.tlog
c:\users\simon\downloads\160919_freertos_labs\160919_freertos_labs\freertos-plus\demo\freertos_plus_tcp_and_fat_windows_simulator\debug\rtosdemo.tlog\link.read.1.tlog
c:\users\simon\downloads\160919_freertos_labs\160919_freertos_labs\freertos-plus\demo\freertos_plus_tcp_and_fat_windows_simulator\debug\rtosdemo.tlog\link.write.1.tlog
